2025-10-24 12:41:37.301 - DBeaver 25.2.2.202510052342 is starting
2025-10-24 12:41:37.302 - OS: Linux 6.8.0-85-generic (amd64)
2025-10-24 12:41:37.302 - Java version: 21.0.8 by Eclipse Adoptium (64bit)
2025-10-24 12:41:37.303 - Install path: '/home/diegorenesto/Scrivania/dbeaver'
2025-10-24 12:41:37.303 - Instance path: 'file:/home/diegorenesto/Scrivania/nuovo_progetto/'
2025-10-24 12:41:37.305 - Memory available 64Mb/1024Mb
2025-10-24 12:41:37.313 - Create display
2025-10-24 12:41:37.388 - Initialize desktop platform...
2025-10-24 12:41:37.493 - BounceCastle bundle found. Use JCE provider BC
> Start Core File Systems [org.eclipse.core.filesystem 1.11.300.v20250607-0645]
> Start Core Resource Management [org.eclipse.core.resources 3.23.0.v20250729-1759]
> Start Supporto principale per i team [org.eclipse.team.core 3.10.800.v20250610-0708]
> Start DBeaver UI Navigator [org.jkiss.dbeaver.ui.navigator 1.0.164.202510052342]
2025-10-24 12:41:37.612 - Initialize base platform...
2025-10-24 12:41:37.629 - send collected statistics
2025-10-24 12:41:37.635 - Platform initialized (247ms)
2025-10-24 12:41:37.717 - Starting instance server at http://localhost:36099
2025-10-24 12:41:37.721 - Run workbench
> Start Eclipse e4 Workbench SWT [org.eclipse.e4.ui.workbench.swt 0.17.900.v20250612-1000]
> Start Eclipse Application Services [org.eclipse.e4.core.services 2.5.200.v20250326-1945]
> Start Eclipse UI Application Services [org.eclipse.e4.ui.services 1.6.500.v20250123-0754]
> Start Eclipse e4 Progress View [org.eclipse.e4.ui.progress 0.4.800.v20250422-1254]
> Start Eclipse Bindings Support [org.eclipse.e4.ui.bindings 0.14.700.v20250612-1000]
> Start Eclipse e4 core commands [org.eclipse.e4.core.commands 1.1.600.v20250307-1331]
> Start EMF XML/XMI Persistence [org.eclipse.emf.ecore.xmi 2.39.0.v20250414-1351]
> Start Eclipse CSS SWT Theme Support [org.eclipse.e4.ui.css.swt.theme 0.14.500.v20250213-1508]
> Start Eclipse e4 Workbench Add-ons [org.eclipse.e4.ui.workbench.addons.swt 1.5.800.v20250701-0653]
> Start Eclipse e4 Workbench SWT Renderer [org.eclipse.e4.ui.workbench.renderers.swt 0.16.900.v20250828-1028]
> Start Eclipse Dependency Injection Extensions [org.eclipse.e4.core.di.extensions 0.18.300.v20240413-1529]
> Start DBeaver AI Model [org.jkiss.dbeaver.model.ai 2.0.7.202510052342]
> Start DBeaver AI UI [org.jkiss.dbeaver.ui.ai 1.0.66.202510052342]
> Start Eclipse CSS SWT Support [org.eclipse.e4.ui.css.swt 0.15.600.v20250409-1135]
> Start Editor di testo predefinito [org.eclipse.ui.editors 3.20.100.v20250814-1056]
> Start Workbench [org.eclipse.ui.workbench.texteditor 3.19.300.v20250815-0722]
2025-10-24 12:41:38.892 - Configure workbench window
> Start DBeaver SQL Model [org.jkiss.dbeaver.model.sql 1.0.154.202510052342]
2025-10-24 12:41:39.008 - Total database drivers: 127 (127)
> Start Parte centrale del sistema della Guida [org.eclipse.help 3.10.600.v20250613-0437]
2025-10-24 12:41:39.062 - Create actions
2025-10-24 12:41:39.068 - Disable Eclipse action set 'org.eclipse.ui.edit.text.actionSet.annotationNavigation'
2025-10-24 12:41:39.068 - Disable Eclipse action set 'org.eclipse.ui.WorkingSetActionSet'
2025-10-24 12:41:39.068 - Disable Eclipse action set 'org.eclipse.ui.actionSet.openFiles'
2025-10-24 12:41:39.068 - Create workbench actions
2025-10-24 12:41:39.386 - Initialize workbench window
2025-10-24 12:41:39.390 - Finish initialization
> Start DBeaver UI Editors - Data [org.jkiss.dbeaver.ui.editors.data 1.0.164.202510052342]
> Start DBeaver UI Editors - SQL [org.jkiss.dbeaver.ui.editors.sql 1.0.164.202510052342]
Warning: NLS unused message: FindReplace_RegExCheckbox_label in: org.eclipse.ui.texteditor.EditorMessages
Warning: NLS unused message: FindReplace_WrapCheckBox_label in: org.eclipse.ui.texteditor.EditorMessages
Warning: NLS unused message: FindReplace_IncrementalCheckBox_label in: org.eclipse.ui.texteditor.EditorMessages
Warning: NLS unused message: FindReplace_Options in: org.eclipse.ui.texteditor.EditorMessages
Warning: NLS unused message: FindReplace_ReplaceSelectionButton_label in: org.eclipse.ui.texteditor.EditorMessages
Warning: NLS unused message: FindReplace_SelectedRangeRadioButton_label in: org.eclipse.ui.texteditor.EditorMessages
Warning: NLS unused message: FindReplace_SelectAllButton_label in: org.eclipse.ui.texteditor.EditorMessages
Warning: NLS unused message: FindReplace_GlobalRadioButton_label in: org.eclipse.ui.texteditor.EditorMessages
Warning: NLS unused message: FindReplace_WholeWordCheckBox_label in: org.eclipse.ui.texteditor.EditorMessages
Warning: NLS unused message: FindReplace_ReplaceFindButton_label in: org.eclipse.ui.texteditor.EditorMessages
Warning: NLS unused message: FindReplace_BackwardRadioButton_label in: org.eclipse.ui.texteditor.EditorMessages
Warning: NLS unused message: FindReplace_CloseButton_label in: org.eclipse.ui.texteditor.EditorMessages
Warning: NLS unused message: FindReplace_Replace_label in: org.eclipse.ui.texteditor.EditorMessages
Warning: NLS unused message: FindReplace_CaseCheckBox_label in: org.eclipse.ui.texteditor.EditorMessages
Warning: NLS unused message: FindReplace_Status_replacements_label in: org.eclipse.ui.texteditor.EditorMessages
Warning: NLS unused message: FindReplace_title in: org.eclipse.ui.texteditor.EditorMessages
Warning: NLS unused message: FindReplace_Direction in: org.eclipse.ui.texteditor.EditorMessages
Warning: NLS unused message: FindReplace_ReplaceAllButton_label in: org.eclipse.ui.texteditor.EditorMessages
Warning: NLS unused message: FindReplace_Scope in: org.eclipse.ui.texteditor.EditorMessages
Warning: NLS unused message: FindReplace_Find_label in: org.eclipse.ui.texteditor.EditorMessages
Warning: NLS unused message: FindReplace_ForwardRadioButton_label in: org.eclipse.ui.texteditor.EditorMessages
Warning: NLS unused message: FindReplace_FindNextButton_label in: org.eclipse.ui.texteditor.EditorMessages
> Start DBeaver SQL Terminal [org.jkiss.dbeaver.ui.editors.sql.terminal 1.0.140.202510052342]
> Start Core Compare Support [org.eclipse.compare.core 3.8.800.v20250718-1505]
> Start Equinox Java Authentication and Authorization Service (JAAS) [org.eclipse.equinox.security 1.4.700.v20250622-1644]
> Start Interfaccia Gestione Connessione Internet [org.eclipse.ui.net 1.5.500.v20250611-0855]
> Start Internet Connection Management [org.eclipse.core.net 1.5.800.v20250613-1119]
> Start DBeaver Sample Database [org.jkiss.dbeaver.ui.config.sample 1.0.201.202510052342]
> Start Console [org.eclipse.ui.console 3.14.400.v20250607-0653]
> Start Debug principale [org.eclipse.debug.core 3.23.100.v20250811-0711]
> Start DBeaver SQL Language Semantic Model [org.jkiss.dbeaver.model.lsm 1.0.59.202510052342]
> Start DBeaver Dashboard UI [org.jkiss.dbeaver.ui.dashboard 1.0.161.202510052342]
> Start GEF Classic Draw2d [org.eclipse.draw2d 3.20.100.202508011427]
> Start GEF Classic GEF (MVC) [org.eclipse.gef 3.23.0.202507261623]
> Start DBeaver ERD UI [org.jkiss.dbeaver.ui.editors.erd 3.1.5.202510052342]
> Start DBeaver ERD Model [org.jkiss.dbeaver.model.erd 1.1.5.202510052342]
> Start DBeaver JDBC Model [org.jkiss.dbeaver.model.jdbc 1.0.57.202510052342]
> Start DBeaver MySQL Support [org.jkiss.dbeaver.ext.mysql 2.1.249.202510052342]
> Start DBeaver Tasks - Native Tools UI [org.jkiss.dbeaver.tasks.native.ui 1.0.142.202510052342]
> Start DBeaver MySQL UI Support [org.jkiss.dbeaver.ext.mysql.ui 1.0.156.202510052342]
> Start DBeaver Tasks - General UI [org.jkiss.dbeaver.tasks.ui 1.0.142.202510052342]
2025-10-24 12:41:53.583 - Connect with 'localhost' (mysql8-19a1599f440-32c032b006f3521c)
2025-10-24 12:41:53.603 - Execution context opened (localhost; Main; 0)
> Start DBeaver GIS Support [org.jkiss.dbeaver.data.gis 1.0.188.202510052342]
2025-10-24 12:41:53.755 - Execution context opened (localhost; Metadata; 1)
2025-10-24 12:41:53.796 - Connected (mysql8-19a1599f440-32c032b006f3521c, MySQL Connector/J [mysql-connector-j-8.2.0 (Revision: 06a1f724497fd81c6a659131fda822c9e5085b6c)])
2025-10-24 12:41:53.868 - Execution context opened (localhost; SQLEditor <Script.sql>; 2)
2025-10-24 12:42:31.199 - SWT resource leak detected
java.lang.Error: SWT Resource was not properly disposed
	at org.eclipse.swt.graphics.Resource.initNonDisposeTracking(Resource.java:191)
	at org.eclipse.swt.graphics.Resource.<init>(Resource.java:124)
	at org.eclipse.swt.graphics.Image.<init>(Image.java:670)
	at org.eclipse.jface.resource.ImageDescriptor.createImage(ImageDescriptor.java:382)
	at org.eclipse.jface.resource.ImageDescriptor.createImage(ImageDescriptor.java:331)
	at org.eclipse.jface.resource.ImageDescriptor.createImage(ImageDescriptor.java:309)
	at org.jkiss.dbeaver.ui.DBeaverIcons.getCompositeIcon(DBeaverIcons.java:171)
	at org.jkiss.dbeaver.ui.DBeaverIcons.getIconDescriptor(DBeaverIcons.java:123)
	at org.jkiss.dbeaver.ui.DBeaverIcons.getImage(DBeaverIcons.java:94)
	at org.jkiss.dbeaver.ui.editors.sql.SQLEditor.refreshEditorIconAndTitle(SQLEditor.java:3303)
	at org.jkiss.dbeaver.ui.editors.sql.SQLEditor.onDataSourceChange(SQLEditor.java:3215)
	at org.jkiss.dbeaver.ui.editors.sql.SQLEditor.lambda$40(SQLEditor.java:3469)
	at org.eclipse.swt.widgets.RunnableLock.run(RunnableLock.java:40)
	at org.eclipse.swt.widgets.Synchronizer.runAsyncMessages(Synchronizer.java:132)
	at org.eclipse.swt.widgets.Display.runAsyncMessages(Display.java:5074)
	at org.eclipse.swt.widgets.Display.readAndDispatch(Display.java:4543)
	at org.eclipse.e4.ui.internal.workbench.swt.PartRenderingEngine$5.run(PartRenderingEngine.java:1151)
	at org.eclipse.core.databinding.observable.Realm.runWithDefault(Realm.java:339)
	at org.eclipse.e4.ui.internal.workbench.swt.PartRenderingEngine.run(PartRenderingEngine.java:1042)
	at org.eclipse.e4.ui.internal.workbench.E4Workbench.createAndRunUI(E4Workbench.java:153)
	at org.eclipse.ui.internal.Workbench.lambda$3(Workbench.java:678)
	at org.eclipse.core.databinding.observable.Realm.runWithDefault(Realm.java:339)
	at org.eclipse.ui.internal.Workbench.createAndRunWorkbench(Workbench.java:583)
	at org.eclipse.ui.PlatformUI.createAndRunWorkbench(PlatformUI.java:173)
	at org.jkiss.dbeaver.ui.app.standalone.DBeaverApplication.start(DBeaverApplication.java:314)
	at org.eclipse.equinox.internal.app.EclipseAppHandle.run(EclipseAppHandle.java:219)
	at org.eclipse.core.runtime.internal.adaptor.EclipseAppLauncher.runApplication(EclipseAppLauncher.java:149)
	at org.eclipse.core.runtime.internal.adaptor.EclipseAppLauncher.start(EclipseAppLauncher.java:115)
	at org.eclipse.core.runtime.adaptor.EclipseStarter.run(EclipseStarter.java:467)
	at org.eclipse.core.runtime.adaptor.EclipseStarter.run(EclipseStarter.java:298)
	at java.base/jdk.internal.reflect.DirectMethodHandleAccessor.invoke(Unknown Source)
	at java.base/java.lang.reflect.Method.invoke(Unknown Source)
	at org.eclipse.equinox.launcher.Main.invokeFramework(Main.java:627)
	at org.eclipse.equinox.launcher.Main.basicRun(Main.java:575)
	at org.eclipse.equinox.launcher.Main.run(Main.java:1431)
	at org.eclipse.equinox.launcher.Main.main(Main.java:1403)
2025-10-24 12:45:16.140 - Error while analyzing query text: insert into studenti(cognome, nome, materia, voto) values
("Renesto", "Diego", "Informatica", 7),
("Pavarin", "Mattia", "Italiano", 7),
("Bazaj", "Francesco", "Inglese", 9),
("Zanforlin", "Nicolo'", "Motoria", 10),
("Pizzo", "Simone", "Moda", -1)
("Guezam", "Mohamed", "Informatica", 8),
java.lang.IllegalStateException: Rows data was not resolved yet
	at org.jkiss.dbeaver.model.sql.semantics.model.select.SQLQueryRowsSourceModel.getRowsDataContext(SQLQueryRowsSourceModel.java:52)
	at org.jkiss.dbeaver.model.sql.semantics.model.dml.SQLQueryInsertModel.resolveValueRelations(SQLQueryInsertModel.java:114)
	at org.jkiss.dbeaver.model.sql.semantics.model.SQLQueryModel.resolveRelations(SQLQueryModel.java:73)
	at org.jkiss.dbeaver.model.sql.semantics.SQLQueryModelRecognizer.recognizeQuery(SQLQueryModelRecognizer.java:154)
	at org.jkiss.dbeaver.model.sql.semantics.SQLQueryModelRecognizer.recognizeQuery(SQLQueryModelRecognizer.java:1026)
	at org.jkiss.dbeaver.ui.editors.sql.semantics.SQLBackgroundParsingJob.doWork(SQLBackgroundParsingJob.java:605)
	at org.jkiss.dbeaver.ui.editors.sql.semantics.SQLBackgroundParsingJob$1.run(SQLBackgroundParsingJob.java:85)
	at org.jkiss.dbeaver.model.runtime.AbstractJob.run(AbstractJob.java:119)
	at org.eclipse.core.internal.jobs.Worker.run(Worker.java:63)
> Start DBeaver Data Transfer [org.jkiss.dbeaver.data.transfer 2.0.148.202510052342]
2025-10-24 12:46:14.083 - Execution context opened (localhost; SQLEditor <count_sum.sql>; 3)
2025-10-24 12:46:30.153 - Execution context closed (localhost, 3)
2025-10-24 12:53:19.000 - Execution context opened (localhost; SQLEditor <count_sum.sql>; 4)
2025-10-24 12:53:30.177 - Execution context closed (localhost, 4)
2025-10-24 12:53:33.190 - Error while analyzing query text: insert into studenti(cognome, nome, materia, voto) values
("Renesto", "Diego", "Storia", 9),
("Pavarin", "Mattia", "Italiano", 7),
("Bazaj", "Francesco", "Inglese", 9),
("Zanforlin", "Nicolo'", "Motoria", 10),
("Pizzo", "Simone", "Moda", -1),
("Guezam", "Mohamed", "Informatica", 8),
("Prearo", "Enrico", "Storia", 6),
("Gaia", "Savogin", "Matematica", 5)
java.lang.IllegalStateException: Rows data was not resolved yet
	at org.jkiss.dbeaver.model.sql.semantics.model.select.SQLQueryRowsSourceModel.getRowsDataContext(SQLQueryRowsSourceModel.java:52)
	at org.jkiss.dbeaver.model.sql.semantics.model.dml.SQLQueryInsertModel.resolveValueRelations(SQLQueryInsertModel.java:114)
	at org.jkiss.dbeaver.model.sql.semantics.model.SQLQueryModel.resolveRelations(SQLQueryModel.java:73)
	at org.jkiss.dbeaver.model.sql.semantics.SQLQueryModelRecognizer.recognizeQuery(SQLQueryModelRecognizer.java:154)
	at org.jkiss.dbeaver.model.sql.semantics.SQLQueryModelRecognizer.recognizeQuery(SQLQueryModelRecognizer.java:1026)
	at org.jkiss.dbeaver.ui.editors.sql.semantics.SQLBackgroundParsingJob.doWork(SQLBackgroundParsingJob.java:605)
	at org.jkiss.dbeaver.ui.editors.sql.semantics.SQLBackgroundParsingJob$1.run(SQLBackgroundParsingJob.java:85)
	at org.jkiss.dbeaver.model.runtime.AbstractJob.run(AbstractJob.java:119)
	at org.eclipse.core.internal.jobs.Worker.run(Worker.java:63)
2025-10-24 12:55:24.576 - Error searching objects (Procedure)
java.sql.SQLException: Column count of mysql.proc is wrong. Expected 21, found 20. Created with MariaDB 100108, now running 100428. Please use mysql_upgrade to fix this error
	at com.mysql.cj.jdbc.exceptions.SQLError.createSQLException(SQLError.java:130)
	at com.mysql.cj.jdbc.exceptions.SQLExceptionsMapping.translateException(SQLExceptionsMapping.java:122)
	at com.mysql.cj.jdbc.ClientPreparedStatement.executeInternal(ClientPreparedStatement.java:912)
	at com.mysql.cj.jdbc.ClientPreparedStatement.executeQuery(ClientPreparedStatement.java:968)
	at org.jkiss.dbeaver.model.impl.jdbc.exec.JDBCPreparedStatementImpl.executeQuery(JDBCPreparedStatementImpl.java:229)
	at org.jkiss.dbeaver.ext.mysql.model.MySQLStructureAssistant.findProceduresByMask(MySQLStructureAssistant.java:184)
	at org.jkiss.dbeaver.ext.mysql.model.MySQLStructureAssistant.findObjectsByMask(MySQLStructureAssistant.java:105)
	at org.jkiss.dbeaver.ext.mysql.model.MySQLStructureAssistant.findObjectsByMask(MySQLStructureAssistant.java:1)
	at org.jkiss.dbeaver.model.impl.jdbc.JDBCStructureAssistant.findObjectsByMask(JDBCStructureAssistant.java:78)
	at org.jkiss.dbeaver.model.impl.jdbc.JDBCStructureAssistant.findObjectsByMask(JDBCStructureAssistant.java:1)
	at org.jkiss.dbeaver.ui.editors.sql.syntax.SQLContextInformer$TablesFinderJob.findTables(SQLContextInformer.java:395)
	at org.jkiss.dbeaver.ui.editors.sql.syntax.SQLContextInformer$TablesFinderJob.lambda$0(SQLContextInformer.java:285)
	at org.jkiss.dbeaver.model.exec.DBExecUtils.tryExecuteRecover(DBExecUtils.java:189)
	at org.jkiss.dbeaver.ui.editors.sql.syntax.SQLContextInformer$TablesFinderJob.run(SQLContextInformer.java:283)
	at org.jkiss.dbeaver.model.runtime.AbstractJob.run(AbstractJob.java:119)
	at org.eclipse.core.internal.jobs.Worker.run(Worker.java:63)
2025-10-24 13:01:10.897 - Error while analyzing query text: insert into studenti(cognome, nome, materia, voto) values
("Renesto", "Diego", "Storia", 9),
("Renesto", "Diego", "Italiano", 7),
("Renesto", "Diego", "Matematica", 8),
("Renesto", "Diego", "Tpsit", 8),
("Renesto", "Diego", "Sistemi", 8),
("Pavarin", "Mattia", "Italiano", 7),
("Pavarin", "Mattia", "Tpsit", 7),
("Pavarin", "Mattia", "Informatica", 7),
("Bazaj", "Francesco", "Inglese", 9),
("Bazaj", "Francesco", "Italiano", 6),
("Bazaj", "Francesco", "Informatica", 7),
("Zanforlin", "Nicolo'", "Motoria", 10),
("Zanforlin", "Nicolo'", "Informatica", 3),
("Zanforlin", "Nicolo'", "Tpsit", 2),
("Zanforlin", "Nicolo'", "Sistemi", 6),
("Pizzo", "Simone", "Moda", 2),
("Pizzo", "Simone", "Italiano", 6),
("Guezam", "Mohamed", "Informatica", 8),
("Guezam", "Mohamed", "Matematica", 6),
("Prearo", "Enrico", "Storia", 6),
("Prearo", "Enrico", "Italiano", 6),
("Gaia", "Savogin", "Matematica", 5),
("Gaia", "Savogin", "Italiano", 7),
("Gaia", "Savogin", "Inglese", 8),
("Giulia", "Marchioro", "Spagnolo", 8),
("Giulia", "Marchioro", "iI", 8),

java.lang.IllegalStateException: Rows data was not resolved yet
	at org.jkiss.dbeaver.model.sql.semantics.model.select.SQLQueryRowsSourceModel.getRowsDataContext(SQLQueryRowsSourceModel.java:52)
	at org.jkiss.dbeaver.model.sql.semantics.model.dml.SQLQueryInsertModel.resolveValueRelations(SQLQueryInsertModel.java:114)
	at org.jkiss.dbeaver.model.sql.semantics.model.SQLQueryModel.resolveRelations(SQLQueryModel.java:73)
	at org.jkiss.dbeaver.model.sql.semantics.SQLQueryModelRecognizer.recognizeQuery(SQLQueryModelRecognizer.java:154)
	at org.jkiss.dbeaver.model.sql.semantics.SQLQueryModelRecognizer.recognizeQuery(SQLQueryModelRecognizer.java:1026)
	at org.jkiss.dbeaver.ui.editors.sql.semantics.SQLBackgroundParsingJob.doWork(SQLBackgroundParsingJob.java:605)
	at org.jkiss.dbeaver.ui.editors.sql.semantics.SQLBackgroundParsingJob$1.run(SQLBackgroundParsingJob.java:85)
	at org.jkiss.dbeaver.model.runtime.AbstractJob.run(AbstractJob.java:119)
	at org.eclipse.core.internal.jobs.Worker.run(Worker.java:63)
2025-10-24 13:06:28.674 - Error searching objects (Procedure)
java.sql.SQLException: Column count of mysql.proc is wrong. Expected 21, found 20. Created with MariaDB 100108, now running 100428. Please use mysql_upgrade to fix this error
	at com.mysql.cj.jdbc.exceptions.SQLError.createSQLException(SQLError.java:130)
	at com.mysql.cj.jdbc.exceptions.SQLExceptionsMapping.translateException(SQLExceptionsMapping.java:122)
	at com.mysql.cj.jdbc.ClientPreparedStatement.executeInternal(ClientPreparedStatement.java:912)
	at com.mysql.cj.jdbc.ClientPreparedStatement.executeQuery(ClientPreparedStatement.java:968)
	at org.jkiss.dbeaver.model.impl.jdbc.exec.JDBCPreparedStatementImpl.executeQuery(JDBCPreparedStatementImpl.java:229)
	at org.jkiss.dbeaver.ext.mysql.model.MySQLStructureAssistant.findProceduresByMask(MySQLStructureAssistant.java:184)
	at org.jkiss.dbeaver.ext.mysql.model.MySQLStructureAssistant.findObjectsByMask(MySQLStructureAssistant.java:105)
	at org.jkiss.dbeaver.ext.mysql.model.MySQLStructureAssistant.findObjectsByMask(MySQLStructureAssistant.java:1)
	at org.jkiss.dbeaver.model.impl.jdbc.JDBCStructureAssistant.findObjectsByMask(JDBCStructureAssistant.java:78)
	at org.jkiss.dbeaver.model.impl.jdbc.JDBCStructureAssistant.findObjectsByMask(JDBCStructureAssistant.java:1)
	at org.jkiss.dbeaver.ui.editors.sql.syntax.SQLContextInformer$TablesFinderJob.findTables(SQLContextInformer.java:395)
	at org.jkiss.dbeaver.ui.editors.sql.syntax.SQLContextInformer$TablesFinderJob.lambda$0(SQLContextInformer.java:285)
	at org.jkiss.dbeaver.model.exec.DBExecUtils.tryExecuteRecover(DBExecUtils.java:189)
	at org.jkiss.dbeaver.ui.editors.sql.syntax.SQLContextInformer$TablesFinderJob.run(SQLContextInformer.java:283)
	at org.jkiss.dbeaver.model.runtime.AbstractJob.run(AbstractJob.java:119)
	at org.eclipse.core.internal.jobs.Worker.run(Worker.java:63)
2025-10-24 13:06:34.462 - Error searching objects (Procedure)
java.sql.SQLException: Column count of mysql.proc is wrong. Expected 21, found 20. Created with MariaDB 100108, now running 100428. Please use mysql_upgrade to fix this error
	at com.mysql.cj.jdbc.exceptions.SQLError.createSQLException(SQLError.java:130)
	at com.mysql.cj.jdbc.exceptions.SQLExceptionsMapping.translateException(SQLExceptionsMapping.java:122)
	at com.mysql.cj.jdbc.ClientPreparedStatement.executeInternal(ClientPreparedStatement.java:912)
	at com.mysql.cj.jdbc.ClientPreparedStatement.executeQuery(ClientPreparedStatement.java:968)
	at org.jkiss.dbeaver.model.impl.jdbc.exec.JDBCPreparedStatementImpl.executeQuery(JDBCPreparedStatementImpl.java:229)
	at org.jkiss.dbeaver.ext.mysql.model.MySQLStructureAssistant.findProceduresByMask(MySQLStructureAssistant.java:184)
	at org.jkiss.dbeaver.ext.mysql.model.MySQLStructureAssistant.findObjectsByMask(MySQLStructureAssistant.java:105)
	at org.jkiss.dbeaver.ext.mysql.model.MySQLStructureAssistant.findObjectsByMask(MySQLStructureAssistant.java:1)
	at org.jkiss.dbeaver.model.impl.jdbc.JDBCStructureAssistant.findObjectsByMask(JDBCStructureAssistant.java:78)
	at org.jkiss.dbeaver.model.impl.jdbc.JDBCStructureAssistant.findObjectsByMask(JDBCStructureAssistant.java:1)
	at org.jkiss.dbeaver.ui.editors.sql.syntax.SQLContextInformer$TablesFinderJob.findTables(SQLContextInformer.java:395)
	at org.jkiss.dbeaver.ui.editors.sql.syntax.SQLContextInformer$TablesFinderJob.lambda$0(SQLContextInformer.java:285)
	at org.jkiss.dbeaver.model.exec.DBExecUtils.tryExecuteRecover(DBExecUtils.java:189)
	at org.jkiss.dbeaver.ui.editors.sql.syntax.SQLContextInformer$TablesFinderJob.run(SQLContextInformer.java:283)
	at org.jkiss.dbeaver.model.runtime.AbstractJob.run(AbstractJob.java:119)
	at org.eclipse.core.internal.jobs.Worker.run(Worker.java:63)
2025-10-24 13:06:34.617 - Error searching objects (Procedure)
java.sql.SQLException: Column count of mysql.proc is wrong. Expected 21, found 20. Created with MariaDB 100108, now running 100428. Please use mysql_upgrade to fix this error
	at com.mysql.cj.jdbc.exceptions.SQLError.createSQLException(SQLError.java:130)
	at com.mysql.cj.jdbc.exceptions.SQLExceptionsMapping.translateException(SQLExceptionsMapping.java:122)
	at com.mysql.cj.jdbc.ClientPreparedStatement.executeInternal(ClientPreparedStatement.java:912)
	at com.mysql.cj.jdbc.ClientPreparedStatement.executeQuery(ClientPreparedStatement.java:968)
	at org.jkiss.dbeaver.model.impl.jdbc.exec.JDBCPreparedStatementImpl.executeQuery(JDBCPreparedStatementImpl.java:229)
	at org.jkiss.dbeaver.ext.mysql.model.MySQLStructureAssistant.findProceduresByMask(MySQLStructureAssistant.java:184)
	at org.jkiss.dbeaver.ext.mysql.model.MySQLStructureAssistant.findObjectsByMask(MySQLStructureAssistant.java:105)
	at org.jkiss.dbeaver.ext.mysql.model.MySQLStructureAssistant.findObjectsByMask(MySQLStructureAssistant.java:1)
	at org.jkiss.dbeaver.model.impl.jdbc.JDBCStructureAssistant.findObjectsByMask(JDBCStructureAssistant.java:78)
	at org.jkiss.dbeaver.model.impl.jdbc.JDBCStructureAssistant.findObjectsByMask(JDBCStructureAssistant.java:1)
	at org.jkiss.dbeaver.ui.editors.sql.syntax.SQLContextInformer$TablesFinderJob.findTables(SQLContextInformer.java:395)
	at org.jkiss.dbeaver.ui.editors.sql.syntax.SQLContextInformer$TablesFinderJob.lambda$0(SQLContextInformer.java:285)
	at org.jkiss.dbeaver.model.exec.DBExecUtils.tryExecuteRecover(DBExecUtils.java:189)
	at org.jkiss.dbeaver.ui.editors.sql.syntax.SQLContextInformer$TablesFinderJob.run(SQLContextInformer.java:283)
	at org.jkiss.dbeaver.model.runtime.AbstractJob.run(AbstractJob.java:119)
	at org.eclipse.core.internal.jobs.Worker.run(Worker.java:63)
2025-10-24 13:06:35.590 - Error searching objects (Procedure)
java.sql.SQLException: Column count of mysql.proc is wrong. Expected 21, found 20. Created with MariaDB 100108, now running 100428. Please use mysql_upgrade to fix this error
	at com.mysql.cj.jdbc.exceptions.SQLError.createSQLException(SQLError.java:130)
	at com.mysql.cj.jdbc.exceptions.SQLExceptionsMapping.translateException(SQLExceptionsMapping.java:122)
	at com.mysql.cj.jdbc.ClientPreparedStatement.executeInternal(ClientPreparedStatement.java:912)
	at com.mysql.cj.jdbc.ClientPreparedStatement.executeQuery(ClientPreparedStatement.java:968)
	at org.jkiss.dbeaver.model.impl.jdbc.exec.JDBCPreparedStatementImpl.executeQuery(JDBCPreparedStatementImpl.java:229)
	at org.jkiss.dbeaver.ext.mysql.model.MySQLStructureAssistant.findProceduresByMask(MySQLStructureAssistant.java:184)
	at org.jkiss.dbeaver.ext.mysql.model.MySQLStructureAssistant.findObjectsByMask(MySQLStructureAssistant.java:105)
	at org.jkiss.dbeaver.ext.mysql.model.MySQLStructureAssistant.findObjectsByMask(MySQLStructureAssistant.java:1)
	at org.jkiss.dbeaver.model.impl.jdbc.JDBCStructureAssistant.findObjectsByMask(JDBCStructureAssistant.java:78)
	at org.jkiss.dbeaver.model.impl.jdbc.JDBCStructureAssistant.findObjectsByMask(JDBCStructureAssistant.java:1)
	at org.jkiss.dbeaver.ui.editors.sql.syntax.SQLContextInformer$TablesFinderJob.findTables(SQLContextInformer.java:395)
	at org.jkiss.dbeaver.ui.editors.sql.syntax.SQLContextInformer$TablesFinderJob.lambda$0(SQLContextInformer.java:285)
	at org.jkiss.dbeaver.model.exec.DBExecUtils.tryExecuteRecover(DBExecUtils.java:189)
	at org.jkiss.dbeaver.ui.editors.sql.syntax.SQLContextInformer$TablesFinderJob.run(SQLContextInformer.java:283)
	at org.jkiss.dbeaver.model.runtime.AbstractJob.run(AbstractJob.java:119)
	at org.eclipse.core.internal.jobs.Worker.run(Worker.java:63)
2025-10-24 13:09:16.306 - Error while analyzing query text: insert into studenti(cognome, nome, materia, voto) values
("Renesto", "Diego", "Storia", 9),
("Renesto", "Diego", "Italiano", 7),
("Renesto", "Diego", "Matematica", 8),
("Renesto", "Diego", "Tpsit", 8),
("Renesto", "Diego", "Sistemi", 8),
("Pavarin", "Mattia", "Italiano", 7),
("Pavarin", "Mattia", "Tpsit", 7),
("Pavarin", "Mattia", "Informatica", 7),
("Bazaj", "Francesco", "Inglese", 9),
("Bazaj", "Francesco", "Italiano", 6),
("Bazaj", "Francesco", "Informatica", 7),
("Zanforlin", "Nicolo'", "Motoria", 10),
("Zanforlin", "Nicolo'", "Informatica", 3),
("Zanforlin", "Nicolo'", "Tpsit", 2),
("Zanforlin", "Nicolo'", "Sistemi", 6),
("Pizzo", "Simone", "Moda", 2),
("Pizzo", "Simone", "Italiano", 6),
("Guezam", "Mohamed", "Informatica", 8),
("Guezam", "Mohamed", "Matematica", 6),
("Prearo", "Enrico", "Storia", 6),
("Prearo", "Enrico", "Italiano", 6),
("Savogin", "Gaia", "Matematica", 5),
("Savogin", "Gaia", "Italiano", 7),
("Savogin", "Gaia", "Inglese", 8),
("Brivio", "Sofia", "Francese", 9),
("Marchioro", "Giulia", "Spagnolo", 8),
("Marchioro", "Giulia", "Italiano", 6),
("Bismark", "Educazione civica", 10),
("Friedrich", "Hohenzollern", "Educazione civica", 3)
java.lang.IllegalStateException: Rows data was not resolved yet
	at org.jkiss.dbeaver.model.sql.semantics.model.select.SQLQueryRowsSourceModel.getRowsDataContext(SQLQueryRowsSourceModel.java:52)
	at org.jkiss.dbeaver.model.sql.semantics.model.dml.SQLQueryInsertModel.resolveValueRelations(SQLQueryInsertModel.java:114)
	at org.jkiss.dbeaver.model.sql.semantics.model.SQLQueryModel.resolveRelations(SQLQueryModel.java:73)
	at org.jkiss.dbeaver.model.sql.semantics.SQLQueryModelRecognizer.recognizeQuery(SQLQueryModelRecognizer.java:154)
	at org.jkiss.dbeaver.model.sql.semantics.SQLQueryModelRecognizer.recognizeQuery(SQLQueryModelRecognizer.java:1026)
	at org.jkiss.dbeaver.ui.editors.sql.semantics.SQLBackgroundParsingJob.doWork(SQLBackgroundParsingJob.java:605)
	at org.jkiss.dbeaver.ui.editors.sql.semantics.SQLBackgroundParsingJob$1.run(SQLBackgroundParsingJob.java:85)
	at org.jkiss.dbeaver.model.runtime.AbstractJob.run(AbstractJob.java:119)
	at org.eclipse.core.internal.jobs.Worker.run(Worker.java:63)
2025-10-24 13:11:32.795 - Execution context opened (localhost; SQLEditor <count_sum.sql>; 5)
2025-10-24 13:11:40.126 - Execution context closed (localhost, 5)
2025-10-24 13:17:38.722 - Error while analyzing query text: insert into studenti(cognome, nome, materia, voto) values
("Renesto", "Diego", "Storia", 9),
("Renesto", "Diego", "Italiano", 7),
("Renesto", "Diego", "Matematica", 8),
("Renesto", "Diego", "Tpsit", 8),
("Renesto", "Diego", "Sistemi", 8),
("Pavarin", "Mattia", "Italiano", 7),
("Pavarin", "Mattia", "Tpsit", 7),
("Pavarin", "Mattia", "Informatica", 7),
("Bazaj", "Francesco", "Inglese", 9),
("Bazaj", "Francesco", "Italiano", 6),
("Bazaj", "Francesco", "Informatica", 7),
("Zanforlin", "Nicolo'", "Motoria", 10),
("Zanforlin", "Nicolo'", "Informatica", 3),
("Zanforlin", "Nicolo'", "Tpsit", 2),
("Zanforlin", "Nicolo'", "Sistemi", 6),
("Pizzo", "Simone", "Moda", 2),
("Pizzo", "Simone", "Italiano", 6),
("Guezam", "Mohamed", "Informatica", 8),
("Guezam", "Mohamed", "Matematica", 6),
("Prearo", "Enrico", "Storia", 6),
("Prearo", "Enrico", "Italiano", 6),
("Savogin", "Gaia", "Matematica", 5),
("Savogin", "Gaia", "Italiano", 7),
("Savogin", "Gaia", "Inglese", 8),
("Brivio", "Sofia", "Francese", 9),
("Marchioro", "Giulia", "Spagnolo", 8),
("Marchioro", "Giulia", "Italiano", 6),
("Bismarck", "Otto", "Educazione civica", 10),
("Hohenzollern", "Friedrich", "Educazione civica", 3)
java.lang.IllegalStateException: Rows data was not resolved yet
	at org.jkiss.dbeaver.model.sql.semantics.model.select.SQLQueryRowsSourceModel.getRowsDataContext(SQLQueryRowsSourceModel.java:52)
	at org.jkiss.dbeaver.model.sql.semantics.model.dml.SQLQueryInsertModel.resolveValueRelations(SQLQueryInsertModel.java:114)
	at org.jkiss.dbeaver.model.sql.semantics.model.SQLQueryModel.resolveRelations(SQLQueryModel.java:73)
	at org.jkiss.dbeaver.model.sql.semantics.SQLQueryModelRecognizer.recognizeQuery(SQLQueryModelRecognizer.java:154)
	at org.jkiss.dbeaver.model.sql.semantics.SQLQueryModelRecognizer.recognizeQuery(SQLQueryModelRecognizer.java:1026)
	at org.jkiss.dbeaver.ui.editors.sql.semantics.SQLBackgroundParsingJob.doWork(SQLBackgroundParsingJob.java:605)
	at org.jkiss.dbeaver.ui.editors.sql.semantics.SQLBackgroundParsingJob$1.run(SQLBackgroundParsingJob.java:85)
	at org.jkiss.dbeaver.model.runtime.AbstractJob.run(AbstractJob.java:119)
	at org.eclipse.core.internal.jobs.Worker.run(Worker.java:63)
2025-10-24 13:18:58.222 - Execution context closed (localhost, 2)
2025-10-24 13:18:58.372 - Dispose navigator model
2025-10-24 13:18:58.391 - DBeaver is stopping
2025-10-24 13:18:58.392 - Stop instance server
2025-10-24 13:18:59.393 - Instance server has been stopped
2025-10-24 13:18:59.393 - DBeaver shutdown completed
